
@----------------------------------------------------------@
|        PLINK!       |     v1.07      |   10/Aug/2009     |
|----------------------------------------------------------|
|  (C) 2009 Shaun Purcell, GNU General Public License, v2  |
|----------------------------------------------------------|
|  For documentation, citation & bug-report instructions:  |
|        http://pngu.mgh.harvard.edu/purcell/plink/        |
@----------------------------------------------------------@

Skipping web check... [ --noweb ] 
Writing this text to log file [ plink.log ]
Analysis started: Mon Sep  9 10:12:32 2013

Options in effect:
	--tped plinkfile.tped
	--tfam plinkfile.tfam
	--r2
	--noweb
	--ld-window 100
	--ld-window-r2 0.2
	--ld-window-kb 1000-I


ERROR: No file [ plinkfile.tped ] exists.
