A D/AceDB////
A D/Analysis////
A D/Archive////
A D/Assembly////
A D/BUGTRACK////
A D/Collection////
A D/ContextMapper////
A D/DB////
A D/DBArchive////
A D/DBDAS////
A D/DBFile////
A D/DBOLD////
A D/DBSQL////
A D/DensityPlot////
A D/EMBLLOAD////
A D/Est////
A D/External////
A D/GeneComparison////
A D/IdMapping////
A D/KnownMapping////
A D/Lite////
A D/Map////
A D/Mapper////
A D/Oracle////
A D/PerlDB////
A D/SlimTim////
A D/TimDB////
A D/TimDBSQL////
A D/Utils////
A D/Virtual////
R D/Virtual////
R D/TimDBSQL////
R D/TimDB////
R D/SlimTim////
R D/PerlDB////
R D/Oracle////
R D/Lite////
R D/KnownMapping////
R D/GeneComparison////
R D/Est////
R D/EMBLLOAD////
R D/DBOLD////
R D/DBDAS////
R D/DBArchive////
R D/ContextMapper////
R D/Collection////
R D/BUGTRACK////
R D/Assembly////
R D/Archive////
R D/AceDB////
